# JRE version: OpenJDK Runtime Environment (17.0.9) (build 17.0.9+0--11185874)
# Java VM: OpenJDK 64-Bit Server VM (17.0.9+0--11185874, mixed mode, tiered, compressed oops, compressed class ptrs, g1 gc, windows-amd64)
GC Precious Log:
 CPUs: 12 total, 12 available
 Memory: 16248M
 Large Page Support: Disabled
 NUMA Support: Disabled
 Compressed Oops: Enabled (32-bit)
 Heap Region Size: 1M
 Heap Min Capacity: 8M
 Heap Initial Capacity: 254M
 Heap Max Capacity: 2G
 Pre-touch: Disabled
 Parallel Workers: 10
 Concurrent Workers: 3
 Concurrent Refinement Workers: 10
 Periodic GC: Disabled
Heap:
 garbage-first heap   total 317440K, used 305764K [0x0000000080000000, 0x0000000100000000)
  region size 1024K, 117 young (119808K), 10 survivors (10240K)
 Metaspace       used 137719K, committed 138624K, reserved 1179648K
  class space    used 19075K, committed 19520K, reserved 1048576K
GC Heap History (20 events):
Event: 37.486 GC heap before
{Heap before GC invocations=32 (full 0):
 garbage-first heap   total 236544K, used 196583K [0x0000000080000000, 0x0000000100000000)
  region size 1024K, 84 young (86016K), 9 survivors (9216K)
 Metaspace       used 130143K, committed 130944K, reserved 1179648K
  class space    used 18333K, committed 18752K, reserved 1048576K
}
Event: 37.493 GC heap after
{Heap after GC invocations=33 (full 0):
 garbage-first heap   total 236544K, used 122911K [0x0000000080000000, 0x0000000100000000)
  region size 1024K, 5 young (5120K), 5 survivors (5120K)
 Metaspace       used 130143K, committed 130944K, reserved 1179648K
  class space    used 18333K, committed 18752K, reserved 1048576K
}
Event: 39.349 GC heap before
{Heap before GC invocations=33 (full 0):
 garbage-first heap   total 236544K, used 167967K [0x0000000080000000, 0x0000000100000000)
  region size 1024K, 46 young (47104K), 5 survivors (5120K)
 Metaspace       used 133478K, committed 134336K, reserved 1179648K
  class space    used 18772K, committed 19200K, reserved 1048576K
}
Event: 39.354 GC heap after
{Heap after GC invocations=34 (full 0):
 garbage-first heap   total 236544K, used 122976K [0x0000000080000000, 0x0000000100000000)
  region size 1024K, 5 young (5120K), 5 survivors (5120K)
 Metaspace       used 133478K, committed 134336K, reserved 1179648K
  class space    used 18772K, committed 19200K, reserved 1048576K
}
Event: 39.575 GC heap before
{Heap before GC invocations=34 (full 0):
 garbage-first heap   total 236544K, used 140384K [0x0000000080000000, 0x0000000100000000)
  region size 1024K, 7 young (7168K), 5 survivors (5120K)
 Metaspace       used 133615K, committed 134528K, reserved 1179648K
  class space    used 18793K, committed 19264K, reserved 1048576K
}
Event: 39.579 GC heap after
{Heap after GC invocations=35 (full 0):
 garbage-first heap   total 236544K, used 123014K [0x0000000080000000, 0x0000000100000000)
  region size 1024K, 5 young (5120K), 5 survivors (5120K)
 Metaspace       used 133615K, committed 134528K, reserved 1179648K
  class space    used 18793K, committed 19264K, reserved 1048576K
}
Event: 39.583 GC heap before
{Heap before GC invocations=35 (full 0):
 garbage-first heap   total 236544K, used 137350K [0x0000000080000000, 0x0000000100000000)
  region size 1024K, 6 young (6144K), 5 survivors (5120K)
 Metaspace       used 133616K, committed 134528K, reserved 1179648K
  class space    used 18793K, committed 19264K, reserved 1048576K
}
Event: 39.587 GC heap after
{Heap after GC invocations=36 (full 0):
 garbage-first heap   total 236544K, used 137236K [0x0000000080000000, 0x0000000100000000)
  region size 1024K, 5 young (5120K), 5 survivors (5120K)
 Metaspace       used 133616K, committed 134528K, reserved 1179648K
  class space    used 18793K, committed 19264K, reserved 1048576K
}
Event: 1944.718 GC heap before
{Heap before GC invocations=37 (full 0):
 garbage-first heap   total 281600K, used 228372K [0x0000000080000000, 0x0000000100000000)
  region size 1024K, 67 young (68608K), 5 survivors (5120K)
 Metaspace       used 134993K, committed 135936K, reserved 1179648K
  class space    used 18983K, committed 19456K, reserved 1048576K
}
Event: 1944.724 GC heap after
{Heap after GC invocations=38 (full 0):
 garbage-first heap   total 281600K, used 122957K [0x0000000080000000, 0x0000000100000000)
  region size 1024K, 5 young (5120K), 5 survivors (5120K)
 Metaspace       used 134993K, committed 135936K, reserved 1179648K
  class space    used 18983K, committed 19456K, reserved 1048576K
}
Event: 2370.909 GC heap before
{Heap before GC invocations=38 (full 0):
 garbage-first heap   total 281600K, used 131149K [0x0000000080000000, 0x0000000100000000)
  region size 1024K, 13 young (13312K), 5 survivors (5120K)
 Metaspace       used 135004K, committed 135936K, reserved 1179648K
  class space    used 18983K, committed 19456K, reserved 1048576K
}
Event: 2370.918 GC heap after
{Heap after GC invocations=39 (full 0):
 garbage-first heap   total 281600K, used 121898K [0x0000000080000000, 0x0000000100000000)
  region size 1024K, 2 young (2048K), 2 survivors (2048K)
 Metaspace       used 135004K, committed 135936K, reserved 1179648K
  class space    used 18983K, committed 19456K, reserved 1048576K
}
Event: 2559.283 GC heap before
{Heap before GC invocations=39 (full 0):
 garbage-first heap   total 281600K, used 241706K [0x0000000080000000, 0x0000000100000000)
  region size 1024K, 120 young (122880K), 2 survivors (2048K)
 Metaspace       used 135897K, committed 136896K, reserved 1179648K
  class space    used 19026K, committed 19520K, reserved 1048576K
}
Event: 2559.294 GC heap after
{Heap after GC invocations=40 (full 0):
 garbage-first heap   total 281600K, used 132403K [0x0000000080000000, 0x0000000100000000)
  region size 1024K, 12 young (12288K), 12 survivors (12288K)
 Metaspace       used 135897K, committed 136896K, reserved 1179648K
  class space    used 19026K, committed 19520K, reserved 1048576K
}
Event: 2564.921 GC heap before
{Heap before GC invocations=41 (full 0):
 garbage-first heap   total 281600K, used 234803K [0x0000000080000000, 0x0000000100000000)
  region size 1024K, 113 young (115712K), 12 survivors (12288K)
 Metaspace       used 136938K, committed 137856K, reserved 1179648K
  class space    used 19027K, committed 19520K, reserved 1048576K
}
Event: 2564.929 GC heap after
{Heap after GC invocations=42 (full 0):
 garbage-first heap   total 281600K, used 134583K [0x0000000080000000, 0x0000000100000000)
  region size 1024K, 3 young (3072K), 3 survivors (3072K)
 Metaspace       used 136938K, committed 137856K, reserved 1179648K
  class space    used 19027K, committed 19520K, reserved 1048576K
}
Event: 2565.269 GC heap before
{Heap before GC invocations=42 (full 0):
 garbage-first heap   total 281600K, used 143799K [0x0000000080000000, 0x0000000100000000)
  region size 1024K, 13 young (13312K), 3 survivors (3072K)
 Metaspace       used 137100K, committed 137984K, reserved 1179648K
  class space    used 19031K, committed 19520K, reserved 1048576K
}
Event: 2565.273 GC heap after
{Heap after GC invocations=43 (full 0):
 garbage-first heap   total 281600K, used 132048K [0x0000000080000000, 0x0000000100000000)
  region size 1024K, 1 young (1024K), 1 survivors (1024K)
 Metaspace       used 137100K, committed 137984K, reserved 1179648K
  class space    used 19031K, committed 19520K, reserved 1048576K
}
Event: 2565.350 GC heap before
{Heap before GC invocations=43 (full 0):
 garbage-first heap   total 281600K, used 139216K [0x0000000080000000, 0x0000000100000000)
  region size 1024K, 9 young (9216K), 1 survivors (1024K)
 Metaspace       used 137178K, committed 138048K, reserved 1179648K
  class space    used 19038K, committed 19520K, reserved 1048576K
}
Event: 2565.352 GC heap after
{Heap after GC invocations=44 (full 0):
 garbage-first heap   total 281600K, used 131684K [0x0000000080000000, 0x0000000100000000)
  region size 1024K, 1 young (1024K), 1 survivors (1024K)
 Metaspace       used 137178K, committed 138048K, reserved 1179648K
  class space    used 19038K, committed 19520K, reserved 1048576K
}

